<?xml version="1.0" encoding="UTF-8"?>
<!-- Generated by org.testng.reporters.JUnitReportReporter -->
<testsuite skipped="0" hostname="DESKTOP-NBL0SLE" name="testPost.Post" tests="200" failures="0" timestamp="2021-07-13T15:39:47 CST" time="22.406" errors="0">
  <testcase name="testPostUserr" time="3.048" classname="testPost.Post"/>
  <system-out/>
  <testcase name="testPostUserr" time="0.099" classname="testPost.Post"/>
  <system-out/>
  <testcase name="testPostUserr" time="0.079" classname="testPost.Post"/>
  <system-out/>
  <testcase name="testPostUserr" time="0.097" classname="testPost.Post"/>
  <system-out/>
  <testcase name="testPostUserr" time="0.100" classname="testPost.Post"/>
  <system-out/>
  <testcase name="testPostUserr" time="0.096" classname="testPost.Post"/>
  <system-out/>
  <testcase name="testPostUserr" time="0.097" classname="testPost.Post"/>
  <system-out/>
  <testcase name="testPostUserr" time="0.088" classname="testPost.Post"/>
  <system-out/>
  <testcase name="testPostUserr" time="0.100" classname="testPost.Post"/>
  <system-out/>
  <testcase name="testPostUserr" time="0.089" classname="testPost.Post"/>
  <system-out/>
  <testcase name="testPostUserr" time="0.089" classname="testPost.Post"/>
  <system-out/>
  <testcase name="testPostUserr" time="0.107" classname="testPost.Post"/>
  <system-out/>
  <testcase name="testPostUserr" time="0.110" classname="testPost.Post"/>
  <system-out/>
  <testcase name="testPostUserr" time="0.090" classname="testPost.Post"/>
  <system-out/>
  <testcase name="testPostUserr" time="0.084" classname="testPost.Post"/>
  <system-out/>
  <testcase name="testPostUserr" time="0.084" classname="testPost.Post"/>
  <system-out/>
  <testcase name="testPostUserr" time="0.105" classname="testPost.Post"/>
  <system-out/>
  <testcase name="testPostUserr" time="0.092" classname="testPost.Post"/>
  <system-out/>
  <testcase name="testPostUserr" time="0.079" classname="testPost.Post"/>
  <system-out/>
  <testcase name="testPostUserr" time="0.108" classname="testPost.Post"/>
  <system-out/>
  <testcase name="testPostUserr" time="0.123" classname="testPost.Post"/>
  <system-out/>
  <testcase name="testPostUserr" time="0.100" classname="testPost.Post"/>
  <system-out/>
  <testcase name="testPostUserr" time="0.103" classname="testPost.Post"/>
  <system-out/>
  <testcase name="testPostUserr" time="0.087" classname="testPost.Post"/>
  <system-out/>
  <testcase name="testPostUserr" time="0.092" classname="testPost.Post"/>
  <system-out/>
  <testcase name="testPostUserr" time="0.145" classname="testPost.Post"/>
  <system-out/>
  <testcase name="testPostUserr" time="0.111" classname="testPost.Post"/>
  <system-out/>
  <testcase name="testPostUserr" time="0.092" classname="testPost.Post"/>
  <system-out/>
  <testcase name="testPostUserr" time="0.106" classname="testPost.Post"/>
  <system-out/>
  <testcase name="testPostUserr" time="0.092" classname="testPost.Post"/>
  <system-out/>
  <testcase name="testPostUserr" time="0.102" classname="testPost.Post"/>
  <system-out/>
  <testcase name="testPostUserr" time="0.105" classname="testPost.Post"/>
  <system-out/>
  <testcase name="testPostUserr" time="0.099" classname="testPost.Post"/>
  <system-out/>
  <testcase name="testPostUserr" time="0.098" classname="testPost.Post"/>
  <system-out/>
  <testcase name="testPostUserr" time="0.135" classname="testPost.Post"/>
  <system-out/>
  <testcase name="testPostUserr" time="0.109" classname="testPost.Post"/>
  <system-out/>
  <testcase name="testPostUserr" time="0.095" classname="testPost.Post"/>
  <system-out/>
  <testcase name="testPostUserr" time="0.099" classname="testPost.Post"/>
  <system-out/>
  <testcase name="testPostUserr" time="0.089" classname="testPost.Post"/>
  <system-out/>
  <testcase name="testPostUserr" time="0.097" classname="testPost.Post"/>
  <system-out/>
  <testcase name="testPostUserr" time="0.099" classname="testPost.Post"/>
  <system-out/>
  <testcase name="testPostUserr" time="0.119" classname="testPost.Post"/>
  <system-out/>
  <testcase name="testPostUserr" time="0.100" classname="testPost.Post"/>
  <system-out/>
  <testcase name="testPostUserr" time="0.077" classname="testPost.Post"/>
  <system-out/>
  <testcase name="testPostUserr" time="0.094" classname="testPost.Post"/>
  <system-out/>
  <testcase name="testPostUserr" time="0.092" classname="testPost.Post"/>
  <system-out/>
  <testcase name="testPostUserr" time="0.097" classname="testPost.Post"/>
  <system-out/>
  <testcase name="testPostUserr" time="0.105" classname="testPost.Post"/>
  <system-out/>
  <testcase name="testPostUserr" time="0.109" classname="testPost.Post"/>
  <system-out/>
  <testcase name="testPostUserr" time="0.113" classname="testPost.Post"/>
  <system-out/>
  <testcase name="testPostUserr" time="0.086" classname="testPost.Post"/>
  <system-out/>
  <testcase name="testPostUserr" time="0.087" classname="testPost.Post"/>
  <system-out/>
  <testcase name="testPostUserr" time="0.124" classname="testPost.Post"/>
  <system-out/>
  <testcase name="testPostUserr" time="0.097" classname="testPost.Post"/>
  <system-out/>
  <testcase name="testPostUserr" time="0.094" classname="testPost.Post"/>
  <system-out/>
  <testcase name="testPostUserr" time="0.094" classname="testPost.Post"/>
  <system-out/>
  <testcase name="testPostUserr" time="0.109" classname="testPost.Post"/>
  <system-out/>
  <testcase name="testPostUserr" time="0.098" classname="testPost.Post"/>
  <system-out/>
  <testcase name="testPostUserr" time="0.117" classname="testPost.Post"/>
  <system-out/>
  <testcase name="testPostUserr" time="0.098" classname="testPost.Post"/>
  <system-out/>
  <testcase name="testPostUserr" time="0.084" classname="testPost.Post"/>
  <system-out/>
  <testcase name="testPostUserr" time="0.111" classname="testPost.Post"/>
  <system-out/>
  <testcase name="testPostUserr" time="0.109" classname="testPost.Post"/>
  <system-out/>
  <testcase name="testPostUserr" time="0.098" classname="testPost.Post"/>
  <system-out/>
  <testcase name="testPostUserr" time="0.093" classname="testPost.Post"/>
  <system-out/>
  <testcase name="testPostUserr" time="0.084" classname="testPost.Post"/>
  <system-out/>
  <testcase name="testPostUserr" time="0.088" classname="testPost.Post"/>
  <system-out/>
  <testcase name="testPostUserr" time="0.083" classname="testPost.Post"/>
  <system-out/>
  <testcase name="testPostUserr" time="0.104" classname="testPost.Post"/>
  <system-out/>
  <testcase name="testPostUserr" time="0.081" classname="testPost.Post"/>
  <system-out/>
  <testcase name="testPostUserr" time="0.102" classname="testPost.Post"/>
  <system-out/>
  <testcase name="testPostUserr" time="0.101" classname="testPost.Post"/>
  <system-out/>
  <testcase name="testPostUserr" time="0.096" classname="testPost.Post"/>
  <system-out/>
  <testcase name="testPostUserr" time="0.134" classname="testPost.Post"/>
  <system-out/>
  <testcase name="testPostUserr" time="0.110" classname="testPost.Post"/>
  <system-out/>
  <testcase name="testPostUserr" time="0.085" classname="testPost.Post"/>
  <system-out/>
  <testcase name="testPostUserr" time="0.100" classname="testPost.Post"/>
  <system-out/>
  <testcase name="testPostUserr" time="0.082" classname="testPost.Post"/>
  <system-out/>
  <testcase name="testPostUserr" time="0.077" classname="testPost.Post"/>
  <system-out/>
  <testcase name="testPostUserr" time="0.113" classname="testPost.Post"/>
  <system-out/>
  <testcase name="testPostUserr" time="0.106" classname="testPost.Post"/>
  <system-out/>
  <testcase name="testPostUserr" time="0.094" classname="testPost.Post"/>
  <system-out/>
  <testcase name="testPostUserr" time="0.091" classname="testPost.Post"/>
  <system-out/>
  <testcase name="testPostUserr" time="0.114" classname="testPost.Post"/>
  <system-out/>
  <testcase name="testPostUserr" time="0.101" classname="testPost.Post"/>
  <system-out/>
  <testcase name="testPostUserr" time="0.098" classname="testPost.Post"/>
  <system-out/>
  <testcase name="testPostUserr" time="0.105" classname="testPost.Post"/>
  <system-out/>
  <testcase name="testPostUserr" time="0.100" classname="testPost.Post"/>
  <system-out/>
  <testcase name="testPostUserr" time="0.085" classname="testPost.Post"/>
  <system-out/>
  <testcase name="testPostUserr" time="0.095" classname="testPost.Post"/>
  <system-out/>
  <testcase name="testPostUserr" time="0.106" classname="testPost.Post"/>
  <system-out/>
  <testcase name="testPostUserr" time="0.103" classname="testPost.Post"/>
  <system-out/>
  <testcase name="testPostUserr" time="0.086" classname="testPost.Post"/>
  <system-out/>
  <testcase name="testPostUserr" time="0.093" classname="testPost.Post"/>
  <system-out/>
  <testcase name="testPostUserr" time="0.081" classname="testPost.Post"/>
  <system-out/>
  <testcase name="testPostUserr" time="0.090" classname="testPost.Post"/>
  <system-out/>
  <testcase name="testPostUserr" time="0.091" classname="testPost.Post"/>
  <system-out/>
  <testcase name="testPostUserr" time="0.103" classname="testPost.Post"/>
  <system-out/>
  <testcase name="testPostUserr" time="0.097" classname="testPost.Post"/>
  <system-out/>
  <testcase name="testPostUserr" time="0.100" classname="testPost.Post"/>
  <system-out/>
  <testcase name="testPostUserr" time="0.097" classname="testPost.Post"/>
  <system-out/>
  <testcase name="testPostUserr" time="0.088" classname="testPost.Post"/>
  <system-out/>
  <testcase name="testPostUserr" time="0.081" classname="testPost.Post"/>
  <system-out/>
  <testcase name="testPostUserr" time="0.120" classname="testPost.Post"/>
  <system-out/>
  <testcase name="testPostUserr" time="0.082" classname="testPost.Post"/>
  <system-out/>
  <testcase name="testPostUserr" time="0.098" classname="testPost.Post"/>
  <system-out/>
  <testcase name="testPostUserr" time="0.089" classname="testPost.Post"/>
  <system-out/>
  <testcase name="testPostUserr" time="0.103" classname="testPost.Post"/>
  <system-out/>
  <testcase name="testPostUserr" time="0.120" classname="testPost.Post"/>
  <system-out/>
  <testcase name="testPostUserr" time="0.095" classname="testPost.Post"/>
  <system-out/>
  <testcase name="testPostUserr" time="0.086" classname="testPost.Post"/>
  <system-out/>
  <testcase name="testPostUserr" time="0.110" classname="testPost.Post"/>
  <system-out/>
  <testcase name="testPostUserr" time="0.085" classname="testPost.Post"/>
  <system-out/>
  <testcase name="testPostUserr" time="0.090" classname="testPost.Post"/>
  <system-out/>
  <testcase name="testPostUserr" time="0.102" classname="testPost.Post"/>
  <system-out/>
  <testcase name="testPostUserr" time="0.090" classname="testPost.Post"/>
  <system-out/>
  <testcase name="testPostUserr" time="0.161" classname="testPost.Post"/>
  <system-out/>
  <testcase name="testPostUserr" time="0.088" classname="testPost.Post"/>
  <system-out/>
  <testcase name="testPostUserr" time="0.094" classname="testPost.Post"/>
  <system-out/>
  <testcase name="testPostUserr" time="0.100" classname="testPost.Post"/>
  <system-out/>
  <testcase name="testPostUserr" time="0.136" classname="testPost.Post"/>
  <system-out/>
  <testcase name="testPostUserr" time="0.081" classname="testPost.Post"/>
  <system-out/>
  <testcase name="testPostUserr" time="0.073" classname="testPost.Post"/>
  <system-out/>
  <testcase name="testPostUserr" time="0.104" classname="testPost.Post"/>
  <system-out/>
  <testcase name="testPostUserr" time="0.083" classname="testPost.Post"/>
  <system-out/>
  <testcase name="testPostUserr" time="0.098" classname="testPost.Post"/>
  <system-out/>
  <testcase name="testPostUserr" time="0.098" classname="testPost.Post"/>
  <system-out/>
  <testcase name="testPostUserr" time="0.104" classname="testPost.Post"/>
  <system-out/>
  <testcase name="testPostUserr" time="0.080" classname="testPost.Post"/>
  <system-out/>
  <testcase name="testPostUserr" time="0.085" classname="testPost.Post"/>
  <system-out/>
  <testcase name="testPostUserr" time="0.097" classname="testPost.Post"/>
  <system-out/>
  <testcase name="testPostUserr" time="0.134" classname="testPost.Post"/>
  <system-out/>
  <testcase name="testPostUserr" time="0.091" classname="testPost.Post"/>
  <system-out/>
  <testcase name="testPostUserr" time="0.085" classname="testPost.Post"/>
  <system-out/>
  <testcase name="testPostUserr" time="0.091" classname="testPost.Post"/>
  <system-out/>
  <testcase name="testPostUserr" time="0.105" classname="testPost.Post"/>
  <system-out/>
  <testcase name="testPostUserr" time="0.089" classname="testPost.Post"/>
  <system-out/>
  <testcase name="testPostUserr" time="0.084" classname="testPost.Post"/>
  <system-out/>
  <testcase name="testPostUserr" time="0.095" classname="testPost.Post"/>
  <system-out/>
  <testcase name="testPostUserr" time="0.076" classname="testPost.Post"/>
  <system-out/>
  <testcase name="testPostUserr" time="0.100" classname="testPost.Post"/>
  <system-out/>
  <testcase name="testPostUserr" time="0.093" classname="testPost.Post"/>
  <system-out/>
  <testcase name="testPostUserr" time="0.097" classname="testPost.Post"/>
  <system-out/>
  <testcase name="testPostUserr" time="0.109" classname="testPost.Post"/>
  <system-out/>
  <testcase name="testPostUserr" time="0.116" classname="testPost.Post"/>
  <system-out/>
  <testcase name="testPostUserr" time="0.101" classname="testPost.Post"/>
  <system-out/>
  <testcase name="testPostUserr" time="0.095" classname="testPost.Post"/>
  <system-out/>
  <testcase name="testPostUserr" time="0.093" classname="testPost.Post"/>
  <system-out/>
  <testcase name="testPostUserr" time="0.102" classname="testPost.Post"/>
  <system-out/>
  <testcase name="testPostUserr" time="0.108" classname="testPost.Post"/>
  <system-out/>
  <testcase name="testPostUserr" time="0.076" classname="testPost.Post"/>
  <system-out/>
  <testcase name="testPostUserr" time="0.105" classname="testPost.Post"/>
  <system-out/>
  <testcase name="testPostUserr" time="0.089" classname="testPost.Post"/>
  <system-out/>
  <testcase name="testPostUserr" time="0.093" classname="testPost.Post"/>
  <system-out/>
  <testcase name="testPostUserr" time="0.088" classname="testPost.Post"/>
  <system-out/>
  <testcase name="testPostUserr" time="0.078" classname="testPost.Post"/>
  <system-out/>
  <testcase name="testPostUserr" time="0.102" classname="testPost.Post"/>
  <system-out/>
  <testcase name="testPostUserr" time="0.109" classname="testPost.Post"/>
  <system-out/>
  <testcase name="testPostUserr" time="0.096" classname="testPost.Post"/>
  <system-out/>
  <testcase name="testPostUserr" time="0.086" classname="testPost.Post"/>
  <system-out/>
  <testcase name="testPostUserr" time="0.103" classname="testPost.Post"/>
  <system-out/>
  <testcase name="testPostUserr" time="0.091" classname="testPost.Post"/>
  <system-out/>
  <testcase name="testPostUserr" time="0.092" classname="testPost.Post"/>
  <system-out/>
  <testcase name="testPostUserr" time="0.084" classname="testPost.Post"/>
  <system-out/>
  <testcase name="testPostUserr" time="0.081" classname="testPost.Post"/>
  <system-out/>
  <testcase name="testPostUserr" time="0.082" classname="testPost.Post"/>
  <system-out/>
  <testcase name="testPostUserr" time="0.124" classname="testPost.Post"/>
  <system-out/>
  <testcase name="testPostUserr" time="0.089" classname="testPost.Post"/>
  <system-out/>
  <testcase name="testPostUserr" time="0.084" classname="testPost.Post"/>
  <system-out/>
  <testcase name="testPostUserr" time="0.089" classname="testPost.Post"/>
  <system-out/>
  <testcase name="testPostUserr" time="0.086" classname="testPost.Post"/>
  <system-out/>
  <testcase name="testPostUserr" time="0.099" classname="testPost.Post"/>
  <system-out/>
  <testcase name="testPostUserr" time="0.100" classname="testPost.Post"/>
  <system-out/>
  <testcase name="testPostUserr" time="0.113" classname="testPost.Post"/>
  <system-out/>
  <testcase name="testPostUserr" time="0.112" classname="testPost.Post"/>
  <system-out/>
  <testcase name="testPostUserr" time="0.090" classname="testPost.Post"/>
  <system-out/>
  <testcase name="testPostUserr" time="0.084" classname="testPost.Post"/>
  <system-out/>
  <testcase name="testPostUserr" time="0.109" classname="testPost.Post"/>
  <system-out/>
  <testcase name="testPostUserr" time="0.078" classname="testPost.Post"/>
  <system-out/>
  <testcase name="testPostUserr" time="0.084" classname="testPost.Post"/>
  <system-out/>
  <testcase name="testPostUserr" time="0.084" classname="testPost.Post"/>
  <system-out/>
  <testcase name="testPostUserr" time="0.095" classname="testPost.Post"/>
  <system-out/>
  <testcase name="testPostUserr" time="0.097" classname="testPost.Post"/>
  <system-out/>
  <testcase name="testPostUserr" time="0.087" classname="testPost.Post"/>
  <system-out/>
  <testcase name="testPostUserr" time="0.097" classname="testPost.Post"/>
  <system-out/>
  <testcase name="testPostUserr" time="0.083" classname="testPost.Post"/>
  <system-out/>
  <testcase name="testPostUserr" time="0.098" classname="testPost.Post"/>
  <system-out/>
  <testcase name="testPostUserr" time="0.109" classname="testPost.Post"/>
  <system-out/>
  <testcase name="testPostUserr" time="0.109" classname="testPost.Post"/>
  <system-out/>
  <testcase name="testPostUserr" time="0.088" classname="testPost.Post"/>
  <system-out/>
  <testcase name="testPostUserr" time="0.099" classname="testPost.Post"/>
  <system-out/>
  <testcase name="testPostUserr" time="0.106" classname="testPost.Post"/>
  <system-out/>
  <testcase name="testPostUserr" time="0.096" classname="testPost.Post"/>
  <system-out/>
  <testcase name="testPostUserr" time="0.086" classname="testPost.Post"/>
  <system-out/>
  <testcase name="testPostUserr" time="0.157" classname="testPost.Post"/>
  <system-out/>
  <testcase name="testPostUserr" time="0.087" classname="testPost.Post"/>
  <system-out/>
  <testcase name="testPostUserr" time="0.084" classname="testPost.Post"/>
  <system-out/>
  <testcase name="testPostUserr" time="0.089" classname="testPost.Post"/>
  <system-out/>
  <testcase name="testPostUserr" time="0.079" classname="testPost.Post"/>
  <system-out/>
  <testcase name="testPostUserr" time="0.095" classname="testPost.Post"/>
  <system-out/>
</testsuite> <!-- testPost.Post -->
