<?xml version="1.0" encoding="UTF-8"?>
<!-- Generated by org.testng.reporters.JUnitReportReporter -->
<testsuite skipped="0" hostname="DESKTOP-NBL0SLE" name="other.NewTest" tests="1" failures="0" timestamp="2021-07-02T01:33:42 CST" time="51.391" errors="0">
  <testcase name="f" time="51.391" classname="other.NewTest"/>
  <system-out/>
</testsuite> <!-- other.NewTest -->
